2025-06-08 03:51:03,455 - INFO - Logging initialized. Log file: /Users/apostolov/Desktop/SMF/Copernican/output/CopernicanSuite_Run_20250608_035103.log
2025-06-08 03:51:03,455 - INFO - === Copernican Suite Initialized ===
2025-06-08 03:51:03,455 - INFO - Running from base directory: /Users/apostolov/Desktop/SMF/Copernican
2025-06-08 03:51:03,455 - INFO - All outputs will be saved to: /Users/apostolov/Desktop/SMF/Copernican/output
2025-06-08 03:51:03,455 - INFO - 
--- Stage 1: Configuration ---
2025-06-08 03:51:10,682 - INFO - Successfully loaded alternative model: USMF_V2
2025-06-08 03:51:18,072 - INFO - 
Available SNe data format parsers:
2025-06-08 03:51:46,996 - INFO - Attempting to load SNe data from 'tablef3.dat' using format: unistra_fixed_nuisance_h1
2025-06-08 03:51:47,054 - INFO - Successfully loaded 740 SNe data points.
2025-06-08 03:51:56,096 - INFO - 
Available BAO data format parsers:
2025-06-08 03:52:03,987 - INFO - Attempting to load BAO data from 'bao1.json' using format: bao_json_general_v1
2025-06-08 03:52:03,993 - INFO - Successfully loaded 7 BAO data points.
2025-06-08 03:52:03,993 - INFO - 
--- Stage 2: Supernovae Ia Fitting ---
2025-06-08 03:52:03,993 - INFO - 
--- Fitting SNe Ia (SNe_unistra_fixed_nuisance_h1, Style: h1_fixed_nuisance) for Model: LambdaCDM ---
2025-06-08 03:52:03,993 - INFO - Fitting cosmological parameters using mu_obs with diagonal errors (H1-style).
2025-06-08 03:52:03,993 - INFO - Starting SNe optimization for LambdaCDM using 3 parameters...
2025-06-08 03:52:16,090 - INFO - SNe Optimization for LambdaCDM finished. Total evals: 36.
2025-06-08 03:52:16,090 - INFO - SNe Fitting Results for LambdaCDM:
2025-06-08 03:52:16,090 - INFO -   - Best-fit Cosmological Parameters:
2025-06-08 03:52:16,091 - INFO -     - H0: 63.435
2025-06-08 03:52:16,091 - INFO -     - Omega_m0: 0.27325
2025-06-08 03:52:16,091 - INFO -     - Omega_b0: 0.0486
2025-06-08 03:52:16,091 - INFO -   - Final Chi-squared: 1673.4692
2025-06-08 03:52:16,091 - INFO -   - Degrees of Freedom (DoF): 737
2025-06-08 03:52:16,091 - INFO -   - Reduced Chi-squared: 2.2707
2025-06-08 03:52:16,091 - INFO -   - Optimizer Success: True, Message: CONVERGENCE: RELATIVE REDUCTION OF F <= FACTR*EPSMCH
2025-06-08 03:52:16,091 - INFO - 
--- Fitting SNe Ia (SNe_unistra_fixed_nuisance_h1, Style: h1_fixed_nuisance) for Model: USMF_V2 ---
2025-06-08 03:52:16,091 - INFO - Fitting cosmological parameters using mu_obs with diagonal errors (H1-style).
2025-06-08 03:52:16,091 - INFO - Starting SNe optimization for USMF_V2 using 9 parameters...
2025-06-08 04:12:33,380 - INFO - SNe Optimization for USMF_V2 finished. Total evals: 1160.
2025-06-08 04:12:33,396 - INFO - SNe Fitting Results for USMF_V2:
2025-06-08 04:12:33,397 - INFO -   - Best-fit Cosmological Parameters:
2025-06-08 04:12:33,397 - INFO -     - H_A: 76.712
2025-06-08 04:12:33,397 - INFO -     - p_alpha: 0.43318
2025-06-08 04:12:33,397 - INFO -     - k_exp: -0.30764
2025-06-08 04:12:33,397 - INFO -     - s_exp: 1.1771
2025-06-08 04:12:33,397 - INFO -     - t0_age_Gyr: 13.403
2025-06-08 04:12:33,397 - INFO -     - A_osc: 0.016745
2025-06-08 04:12:33,397 - INFO -     - omega_osc: 2.3697
2025-06-08 04:12:33,397 - INFO -     - ti_osc_Gyr: 7.326
2025-06-08 04:12:33,397 - INFO -     - phi_osc: -0.23931
2025-06-08 04:12:33,397 - INFO -   - Final Chi-squared: 1668.7367
2025-06-08 04:12:33,397 - INFO -   - Degrees of Freedom (DoF): 731
2025-06-08 04:12:33,397 - INFO -   - Reduced Chi-squared: 2.2828
2025-06-08 04:12:33,397 - INFO -   - Optimizer Success: True, Message: CONVERGENCE: RELATIVE REDUCTION OF F <= FACTR*EPSMCH
2025-06-08 04:12:33,397 - INFO - 
--- Stage 3: BAO Analysis ---
2025-06-08 04:12:33,398 - INFO - Calculating BAO observables for LambdaCDM with parameters: [63.43, 0.2732, 0.0486]
2025-06-08 04:12:33,398 - INFO - Successfully calculated r_s for LambdaCDM: 256.985 Mpc
2025-06-08 04:12:33,455 - INFO - LambdaCDM BAO: r_s = 256.99 Mpc, Chi2_BAO = 3657.36
2025-06-08 04:12:33,456 - INFO - Calculating BAO observables for USMF_V2 with parameters: [76.71, 0.4332, -0.3076, 1.177, 13.4, 0.01674, 2.37, 7.326, -0.2393]
2025-06-08 04:12:33,461 - INFO - Successfully calculated r_s for USMF_V2: 3.963 Mpc
2025-06-08 04:12:33,517 - INFO - USMF_V2 BAO: r_s = 3.96 Mpc, Chi2_BAO = 43152287.71
2025-06-08 04:12:33,517 - INFO - 
--- Stage 4: Generating Outputs ---
2025-06-08 04:12:33,517 - INFO - Generating Hubble Diagram for SNe_unistra_fixed_nuisance_h1...
2025-06-08 04:12:40,029 - INFO - Hubble diagram saved to /Users/apostolov/Desktop/SMF/Copernican/output/plot_hubble_SNe_unistra_fixed_nuisance_h1_20250608_041236.png
2025-06-08 04:12:40,030 - INFO - Generating BAO Plot for BAO_bao1.json...
2025-06-08 04:12:41,650 - ERROR - Error saving BAO plot: 
H_{USMF}(z) = - \frac{1}{\alpha(t_e)}\frac{d\alpha}{dt}\bigg|_{t_e}
                                                       ^
ParseFatalException: Unknown symbol: \bigg, found '\'  (at char 55), (line:1, col:56)
2025-06-08 04:12:41,677 - INFO - SNe fit summary CSV saved to /Users/apostolov/Desktop/SMF/Copernican/output/sne_fit_summary_unistra_fixed_nuisance_h1_20250608_041241.csv
2025-06-08 04:12:41,680 - INFO - BAO results CSV saved to /Users/apostolov/Desktop/SMF/Copernican/output/bao_results_bao_json_general_v1_USMF_V2_20250608_041241.csv
2025-06-08 04:12:41,680 - INFO - 
=== Copernican Suite Finished ===
2025-06-08 04:12:41,680 - INFO - Main log file: /Users/apostolov/Desktop/SMF/Copernican/output/CopernicanSuite_Run_20250608_035103.log
2025-06-08 04:12:41,680 - INFO - Check the directory '/Users/apostolov/Desktop/SMF/Copernican/output' for output plots and CSV files.
